# JRE version: OpenJDK Runtime Environment (8.0_76-b03) (build 1.8.0_76-release-b03)
# Java VM: OpenJDK 64-Bit Server VM (25.76-b03 mixed mode linux-amd64 compressed oops)
Heap:
 PSYoungGen      total 380416K, used 21987K [0x00000000e0000000, 0x00000000f8a80000, 0x0000000100000000)
  eden space 358400K, 0% used [0x00000000e0000000,0x00000000e0000000,0x00000000f5e00000)
  from space 22016K, 99% used [0x00000000f5f80000,0x00000000f74f8e98,0x00000000f7500000)
  to   space 16384K, 0% used [0x00000000f7a80000,0x00000000f7a80000,0x00000000f8a80000)
 ParOldGen       total 73216K, used 54193K [0x00000000a0000000, 0x00000000a4780000, 0x00000000e0000000)
  object space 73216K, 74% used [0x00000000a0000000,0x00000000a34ec4a8,0x00000000a4780000)
 Metaspace       used 60407K, capacity 62698K, committed 62848K, reserved 1103872K
  class space    used 8006K, capacity 8507K, committed 8576K, reserved 1048576K
GC Heap History (10 events):
Event: 36,003 GC heap after
Heap after GC invocations=14 (full 2):
 PSYoungGen      total 269824K, used 13312K [0x00000000e0000000, 0x00000000f2880000, 0x0000000100000000)
  eden space 256512K, 0% used [0x00000000e0000000,0x00000000e0000000,0x00000000efa80000)
  from space 13312K, 100% used [0x00000000f0f00000,0x00000000f1c00000,0x00000000f1c00000)
  to   space 20992K, 0% used [0x00000000efa80000,0x00000000efa80000,0x00000000f0f00000)
 ParOldGen       total 39936K, used 34017K [0x00000000a0000000, 0x00000000a2700000, 0x00000000e0000000)
  object space 39936K, 85% used [0x00000000a0000000,0x00000000a21384e0,0x00000000a2700000)
 Metaspace       used 52774K, capacity 54312K, committed 54400K, reserved 1095680K
  class space    used 7111K, capacity 7464K, committed 7552K, reserved 1048576K
}
Event: 36,003 GC heap before
{Heap before GC invocations=15 (full 3):
 PSYoungGen      total 269824K, used 13312K [0x00000000e0000000, 0x00000000f2880000, 0x0000000100000000)
  eden space 256512K, 0% used [0x00000000e0000000,0x00000000e0000000,0x00000000efa80000)
  from space 13312K, 100% used [0x00000000f0f00000,0x00000000f1c00000,0x00000000f1c00000)
  to   space 20992K, 0% used [0x00000000efa80000,0x00000000efa80000,0x00000000f0f00000)
 ParOldGen       total 39936K, used 34017K [0x00000000a0000000, 0x00000000a2700000, 0x00000000e0000000)
  object space 39936K, 85% used [0x00000000a0000000,0x00000000a21384e0,0x00000000a2700000)
 Metaspace       used 52774K, capacity 54312K, committed 54400K, reserved 1095680K
  class space    used 7111K, capacity 7464K, committed 7552K, reserved 1048576K
Event: 36,598 GC heap after
Heap after GC invocations=15 (full 3):
 PSYoungGen      total 269824K, used 1532K [0x00000000e0000000, 0x00000000f2880000, 0x0000000100000000)
  eden space 256512K, 0% used [0x00000000e0000000,0x00000000e0000000,0x00000000efa80000)
  from space 13312K, 11% used [0x00000000f0f00000,0x00000000f107f2f0,0x00000000f1c00000)
  to   space 20992K, 0% used [0x00000000efa80000,0x00000000efa80000,0x00000000f0f00000)
 ParOldGen       total 73216K, used 39826K [0x00000000a0000000, 0x00000000a4780000, 0x00000000e0000000)
  object space 73216K, 54% used [0x00000000a0000000,0x00000000a26e4ae0,0x00000000a4780000)
 Metaspace       used 52774K, capacity 54312K, committed 54400K, reserved 1095680K
  class space    used 7111K, capacity 7464K, committed 7552K, reserved 1048576K
}
Event: 37,836 GC heap before
{Heap before GC invocations=16 (full 3):
 PSYoungGen      total 269824K, used 56319K [0x00000000e0000000, 0x00000000f2880000, 0x0000000100000000)
  eden space 256512K, 21% used [0x00000000e0000000,0x00000000e3580958,0x00000000efa80000)
  from space 13312K, 11% used [0x00000000f0f00000,0x00000000f107f2f0,0x00000000f1c00000)
  to   space 20992K, 0% used [0x00000000efa80000,0x00000000efa80000,0x00000000f0f00000)
 ParOldGen       total 73216K, used 39826K [0x00000000a0000000, 0x00000000a4780000, 0x00000000e0000000)
  object space 73216K, 54% used [0x00000000a0000000,0x00000000a26e4ae0,0x00000000a4780000)
 Metaspace       used 54159K, capacity 56092K, committed 56192K, reserved 1097728K
  class space    used 7349K, capacity 7784K, committed 7808K, reserved 1048576K
Event: 37,875 GC heap after
Heap after GC invocations=16 (full 3):
 PSYoungGen      total 277504K, used 6294K [0x00000000e0000000, 0x00000000f8e00000, 0x0000000100000000)
  eden space 256512K, 0% used [0x00000000e0000000,0x00000000e0000000,0x00000000efa80000)
  from space 20992K, 29% used [0x00000000efa80000,0x00000000f00a59e0,0x00000000f0f00000)
  to   space 19968K, 0% used [0x00000000f7a80000,0x00000000f7a80000,0x00000000f8e00000)
 ParOldGen       total 73216K, used 41386K [0x00000000a0000000, 0x00000000a4780000, 0x00000000e0000000)
  object space 73216K, 56% used [0x00000000a0000000,0x00000000a286aaf0,0x00000000a4780000)
 Metaspace       used 54159K, capacity 56092K, committed 56192K, reserved 1097728K
  class space    used 7349K, capacity 7784K, committed 7808K, reserved 1048576K
}
Event: 37,875 GC heap before
{Heap before GC invocations=17 (full 4):
 PSYoungGen      total 277504K, used 6294K [0x00000000e0000000, 0x00000000f8e00000, 0x0000000100000000)
  eden space 256512K, 0% used [0x00000000e0000000,0x00000000e0000000,0x00000000efa80000)
  from space 20992K, 29% used [0x00000000efa80000,0x00000000f00a59e0,0x00000000f0f00000)
  to   space 19968K, 0% used [0x00000000f7a80000,0x00000000f7a80000,0x00000000f8e00000)
 ParOldGen       total 73216K, used 41386K [0x00000000a0000000, 0x00000000a4780000, 0x00000000e0000000)
  object space 73216K, 56% used [0x00000000a0000000,0x00000000a286aaf0,0x00000000a4780000)
 Metaspace       used 54159K, capacity 56092K, committed 56192K, reserved 1097728K
  class space    used 7349K, capacity 7784K, committed 7808K, reserved 1048576K
Event: 38,272 GC heap after
Heap after GC invocations=17 (full 4):
 PSYoungGen      total 277504K, used 0K [0x00000000e0000000, 0x00000000f8e00000, 0x0000000100000000)
  eden space 256512K, 0% used [0x00000000e0000000,0x00000000e0000000,0x00000000efa80000)
  from space 20992K, 0% used [0x00000000efa80000,0x00000000efa80000,0x00000000f0f00000)
  to   space 19968K, 0% used [0x00000000f7a80000,0x00000000f7a80000,0x00000000f8e00000)
 ParOldGen       total 73216K, used 41187K [0x00000000a0000000, 0x00000000a4780000, 0x00000000e0000000)
  object space 73216K, 56% used [0x00000000a0000000,0x00000000a2838ea0,0x00000000a4780000)
 Metaspace       used 54159K, capacity 56092K, committed 56192K, reserved 1097728K
  class space    used 7349K, capacity 7784K, committed 7808K, reserved 1048576K
}
Event: 76,262 GC heap before
{Heap before GC invocations=18 (full 4):
 PSYoungGen      total 277504K, used 256512K [0x00000000e0000000, 0x00000000f8e00000, 0x0000000100000000)
  eden space 256512K, 100% used [0x00000000e0000000,0x00000000efa80000,0x00000000efa80000)
  from space 20992K, 0% used [0x00000000efa80000,0x00000000efa80000,0x00000000f0f00000)
  to   space 19968K, 0% used [0x00000000f7a80000,0x00000000f7a80000,0x00000000f8e00000)
 ParOldGen       total 73216K, used 41187K [0x00000000a0000000, 0x00000000a4780000, 0x00000000e0000000)
  object space 73216K, 56% used [0x00000000a0000000,0x00000000a2838ea0,0x00000000a4780000)
 Metaspace       used 58633K, capacity 60726K, committed 61056K, reserved 1101824K
  class space    used 7802K, capacity 8255K, committed 8320K, reserved 1048576K
Event: 76,285 GC heap after
Heap after GC invocations=18 (full 4):
 PSYoungGen      total 374784K, used 16270K [0x00000000e0000000, 0x00000000f8a80000, 0x0000000100000000)
  eden space 358400K, 0% used [0x00000000e0000000,0x00000000e0000000,0x00000000f5e00000)
  from space 16384K, 99% used [0x00000000f7a80000,0x00000000f8a63868,0x00000000f8a80000)
  to   space 22016K, 0% used [0x00000000f5f80000,0x00000000f5f80000,0x00000000f7500000)
 ParOldGen       total 73216K, used 41195K [0x00000000a0000000, 0x00000000a4780000, 0x00000000e0000000)
  object space 73216K, 56% used [0x00000000a0000000,0x00000000a283aea0,0x00000000a4780000)
 Metaspace       used 58633K, capacity 60726K, committed 61056K, reserved 1101824K
  class space    used 7802K, capacity 8255K, committed 8320K, reserved 1048576K
}
Event: 128,531 GC heap before
{Heap before GC invocations=19 (full 4):
 PSYoungGen      total 374784K, used 374670K [0x00000000e0000000, 0x00000000f8a80000, 0x0000000100000000)
  eden space 358400K, 100% used [0x00000000e0000000,0x00000000f5e00000,0x00000000f5e00000)
  from space 16384K, 99% used [0x00000000f7a80000,0x00000000f8a63868,0x00000000f8a80000)
  to   space 22016K, 0% used [0x00000000f5f80000,0x00000000f5f80000,0x00000000f7500000)
 ParOldGen       total 73216K, used 41195K [0x00000000a0000000, 0x00000000a4780000, 0x00000000e0000000)
  object space 73216K, 56% used [0x00000000a0000000,0x00000000a283aea0,0x00000000a4780000)
 Metaspace       used 60407K, capacity 62698K, committed 62848K, reserved 1103872K
  class space    used 8006K, capacity 8507K, committed 8576K, reserved 1048576K

